<?xml version="1.0" encoding="UTF-8"?>
<testng-results ignored="1" total="13" passed="11" failed="1" skipped="0">
  <reporter-output>
  </reporter-output>
  <suite started-at="2022-08-30T00:39:16 EDT" name="All Test Suite" finished-at="2022-08-30T00:39:17 EDT" duration-ms="280">
    <groups>
      <group name="regression">
        <method signature="day1.demo8()[pri:0, instance:TestNGTutorial.day1@292b08d6]" name="demo8" class="TestNGTutorial.day1"/>
        <method signature="day2.carLoan()[pri:0, instance:TestNGTutorial.day2@702657cc]" name="carLoan" class="TestNGTutorial.day2"/>
        <method signature="day3.LearnJava()[pri:0, instance:TestNGTutorial.day3@2aceadd4]" name="LearnJava" class="TestNGTutorial.day3"/>
      </group> <!-- regression -->
    </groups>
    <test started-at="2022-08-30T00:39:16 EDT" name="C:/Users/mksaf/Documents/Learning Java and Selenium/SeleniumFramework_shetty" finished-at="2022-08-30T00:39:16 EDT" duration-ms="111">
      <class name="TestNGTutorial.day1">
        <test-method is-config="true" signature="prerequisite1()[pri:0, instance:TestNGTutorial.day1@292b08d6]" started-at="2022-08-30T00:39:16 EDT" name="prerequisite1" finished-at="2022-08-30T00:39:16 EDT" duration-ms="1" status="PASS">
          <reporter-output>
          </reporter-output>
        </test-method> <!-- prerequisite1 -->
        <test-method is-config="true" signature="beforeClass()[pri:0, instance:TestNGTutorial.day1@292b08d6]" started-at="2022-08-30T00:39:16 EDT" name="beforeClass" finished-at="2022-08-30T00:39:16 EDT" duration-ms="1" status="PASS">
          <reporter-output>
          </reporter-output>
        </test-method> <!-- beforeClass -->
        <test-method is-config="true" signature="demo7()[pri:0, instance:TestNGTutorial.day1@292b08d6]" started-at="2022-08-30T00:39:16 EDT" name="demo7" finished-at="2022-08-30T00:39:16 EDT" duration-ms="0" status="PASS">
          <reporter-output>
          </reporter-output>
        </test-method> <!-- demo7 -->
        <test-method signature="demo1()[pri:0, instance:TestNGTutorial.day1@292b08d6]" started-at="2022-08-30T00:39:16 EDT" name="demo1" finished-at="2022-08-30T00:39:16 EDT" duration-ms="2" status="PASS">
          <reporter-output>
          </reporter-output>
        </test-method> <!-- demo1 -->
        <test-method is-config="true" signature="demo7()[pri:0, instance:TestNGTutorial.day1@292b08d6]" started-at="2022-08-30T00:39:16 EDT" name="demo7" finished-at="2022-08-30T00:39:16 EDT" duration-ms="1" status="PASS">
          <reporter-output>
          </reporter-output>
        </test-method> <!-- demo7 -->
        <test-method signature="demo10()[pri:0, instance:TestNGTutorial.day1@292b08d6]" started-at="2022-08-30T00:39:16 EDT" name="demo10" finished-at="2022-08-30T00:39:16 EDT" duration-ms="7" status="PASS">
          <reporter-output>
          </reporter-output>
        </test-method> <!-- demo10 -->
        <test-method is-config="true" signature="demo7()[pri:0, instance:TestNGTutorial.day1@292b08d6]" started-at="2022-08-30T00:39:16 EDT" name="demo7" finished-at="2022-08-30T00:39:16 EDT" duration-ms="1" status="PASS">
          <reporter-output>
          </reporter-output>
        </test-method> <!-- demo7 -->
        <test-method signature="demo8()[pri:0, instance:TestNGTutorial.day1@292b08d6]" started-at="2022-08-30T00:39:16 EDT" name="demo8" finished-at="2022-08-30T00:39:16 EDT" duration-ms="1" status="PASS">
          <reporter-output>
          </reporter-output>
        </test-method> <!-- demo8 -->
        <test-method is-config="true" signature="demo7()[pri:0, instance:TestNGTutorial.day1@292b08d6]" started-at="2022-08-30T00:39:16 EDT" name="demo7" finished-at="2022-08-30T00:39:16 EDT" duration-ms="1" status="PASS">
          <reporter-output>
          </reporter-output>
        </test-method> <!-- demo7 -->
        <test-method signature="parmeterMethod(java.lang.String,java.lang.String)[pri:0, instance:TestNGTutorial.day1@292b08d6]" started-at="2022-08-30T00:39:16 EDT" name="parmeterMethod" finished-at="2022-08-30T00:39:16 EDT" duration-ms="1" status="PASS">
          <params>
            <param index="0">
              <value>
                <![CDATA[abc.com]]>
              </value>
            </param>
            <param index="1">
              <value>
                <![CDATA[MKabir]]>
              </value>
            </param>
          </params>
          <reporter-output>
          </reporter-output>
        </test-method> <!-- parmeterMethod -->
        <test-method is-config="true" signature="afterClass()[pri:0, instance:TestNGTutorial.day1@292b08d6]" started-at="2022-08-30T00:39:16 EDT" name="afterClass" finished-at="2022-08-30T00:39:16 EDT" duration-ms="0" status="PASS">
          <reporter-output>
          </reporter-output>
        </test-method> <!-- afterClass -->
        <test-method is-config="true" signature="demo3()[pri:0, instance:TestNGTutorial.day1@292b08d6]" started-at="2022-08-30T00:39:16 EDT" name="demo3" finished-at="2022-08-30T00:39:16 EDT" duration-ms="1" status="PASS">
          <reporter-output>
          </reporter-output>
        </test-method> <!-- demo3 -->
      </class> <!-- TestNGTutorial.day1 -->
      <class name="TestNGTutorial.day2">
        <test-method is-config="true" signature="prerequisite2()[pri:0, instance:TestNGTutorial.day2@702657cc]" started-at="2022-08-30T00:39:16 EDT" name="prerequisite2" finished-at="2022-08-30T00:39:16 EDT" duration-ms="1" status="PASS">
          <reporter-output>
          </reporter-output>
        </test-method> <!-- prerequisite2 -->
        <test-method signature="carLoan()[pri:0, instance:TestNGTutorial.day2@702657cc]" started-at="2022-08-30T00:39:16 EDT" name="carLoan" finished-at="2022-08-30T00:39:16 EDT" duration-ms="0" status="PASS">
          <reporter-output>
          </reporter-output>
        </test-method> <!-- carLoan -->
        <test-method signature="homeloan(java.lang.String)[pri:0, instance:TestNGTutorial.day2@702657cc]" started-at="2022-08-30T00:39:16 EDT" name="homeloan" finished-at="2022-08-30T00:39:16 EDT" duration-ms="1" status="PASS">
          <params>
            <param index="0">
              <value>
                <![CDATA[abc.com]]>
              </value>
            </param>
          </params>
          <reporter-output>
          </reporter-output>
        </test-method> <!-- homeloan -->
      </class> <!-- TestNGTutorial.day2 -->
    </test> <!-- C:/Users/mksaf/Documents/Learning Java and Selenium/SeleniumFramework_shetty -->
    <test started-at="2022-08-30T00:39:17 EDT" name="SecondTest" finished-at="2022-08-30T00:39:17 EDT" duration-ms="59">
      <class name="TestNGTutorial.day3">
        <test-method signature="LearnJava()[pri:0, instance:TestNGTutorial.day3@2aceadd4]" started-at="2022-08-30T00:39:17 EDT" name="LearnJava" finished-at="2022-08-30T00:39:17 EDT" duration-ms="2" status="PASS">
          <reporter-output>
          </reporter-output>
        </test-method> <!-- LearnJava -->
        <test-method signature="LearnSelenium()[pri:0, instance:TestNGTutorial.day3@2aceadd4]" started-at="2022-08-30T00:39:17 EDT" name="LearnSelenium" finished-at="2022-08-30T00:39:17 EDT" duration-ms="22" status="FAIL">
          <exception class="java.lang.AssertionError">
            <message>
              <![CDATA[expected [true] but found [false]]]>
            </message>
            <full-stacktrace>
              <![CDATA[java.lang.AssertionError: expected [true] but found [false]
at org.testng.Assert.fail(Assert.java:110)
at org.testng.Assert.failNotEquals(Assert.java:1413)
at org.testng.Assert.assertTrue(Assert.java:56)
at org.testng.Assert.assertTrue(Assert.java:66)
at TestNGTutorial.day3.LearnSelenium(day3.java:16)
at java.base/jdk.internal.reflect.NativeMethodAccessorImpl.invoke0(Native Method)
at java.base/jdk.internal.reflect.NativeMethodAccessorImpl.invoke(NativeMethodAccessorImpl.java:64)
at java.base/jdk.internal.reflect.DelegatingMethodAccessorImpl.invoke(DelegatingMethodAccessorImpl.java:43)
at java.base/java.lang.reflect.Method.invoke(Method.java:564)
at org.testng.internal.invokers.MethodInvocationHelper.invokeMethod(MethodInvocationHelper.java:139)
at org.testng.internal.invokers.TestInvoker.invokeMethod(TestInvoker.java:677)
at org.testng.internal.invokers.TestInvoker.invokeTestMethod(TestInvoker.java:221)
at org.testng.internal.invokers.MethodRunner.runInSequence(MethodRunner.java:50)
at org.testng.internal.invokers.TestInvoker$MethodInvocationAgent.invoke(TestInvoker.java:962)
at org.testng.internal.invokers.TestInvoker.invokeTestMethods(TestInvoker.java:194)
at org.testng.internal.invokers.TestMethodWorker.invokeTestMethods(TestMethodWorker.java:148)
at org.testng.internal.invokers.TestMethodWorker.run(TestMethodWorker.java:128)
at java.base/java.util.ArrayList.forEach(ArrayList.java:1511)
at org.testng.TestRunner.privateRun(TestRunner.java:806)
at org.testng.TestRunner.run(TestRunner.java:601)
at org.testng.SuiteRunner.runTest(SuiteRunner.java:433)
at org.testng.SuiteRunner.runSequentially(SuiteRunner.java:427)
at org.testng.SuiteRunner.privateRun(SuiteRunner.java:387)
at org.testng.SuiteRunner.run(SuiteRunner.java:330)
at org.testng.SuiteRunnerWorker.runSuite(SuiteRunnerWorker.java:52)
at org.testng.SuiteRunnerWorker.run(SuiteRunnerWorker.java:95)
at org.testng.TestNG.runSuitesSequentially(TestNG.java:1256)
at org.testng.TestNG.runSuitesLocally(TestNG.java:1176)
at org.testng.TestNG.runSuites(TestNG.java:1099)
at org.testng.TestNG.run(TestNG.java:1067)
at com.intellij.rt.testng.IDEARemoteTestNG.run(IDEARemoteTestNG.java:66)
at com.intellij.rt.testng.RemoteTestNGStarter.main(RemoteTestNGStarter.java:109)
]]>
            </full-stacktrace>
          </exception> <!-- java.lang.AssertionError -->
          <reporter-output>
          </reporter-output>
        </test-method> <!-- LearnSelenium -->
        <test-method signature="LearnAutomation(java.lang.String)[pri:0, instance:TestNGTutorial.day3@2aceadd4]" started-at="2022-08-30T00:39:17 EDT" name="LearnAutomation" finished-at="2022-08-30T00:39:17 EDT" duration-ms="2" status="PASS">
          <params>
            <param index="0">
              <value>
                <![CDATA[Mozart]]>
              </value>
            </param>
          </params>
          <reporter-output>
          </reporter-output>
        </test-method> <!-- LearnAutomation -->
        <test-method signature="retrieveDataProvider(java.lang.String,java.lang.String)[pri:0, instance:TestNGTutorial.day3@2aceadd4]" started-at="2022-08-30T00:39:17 EDT" name="retrieveDataProvider" data-provider="practiceDataProvider" finished-at="2022-08-30T00:39:17 EDT" duration-ms="1" status="PASS">
          <params>
            <param index="0">
              <value>
                <![CDATA[first set user name]]>
              </value>
            </param>
            <param index="1">
              <value>
                <![CDATA[first password]]>
              </value>
            </param>
          </params>
          <reporter-output>
          </reporter-output>
        </test-method> <!-- retrieveDataProvider -->
        <test-method signature="retrieveDataProvider(java.lang.String,java.lang.String)[pri:0, instance:TestNGTutorial.day3@2aceadd4]" started-at="2022-08-30T00:39:17 EDT" name="retrieveDataProvider" data-provider="practiceDataProvider" finished-at="2022-08-30T00:39:17 EDT" duration-ms="1" status="PASS">
          <params>
            <param index="0">
              <value>
                <![CDATA[second set user name]]>
              </value>
            </param>
            <param index="1">
              <value>
                <![CDATA[second password]]>
              </value>
            </param>
          </params>
          <reporter-output>
          </reporter-output>
        </test-method> <!-- retrieveDataProvider -->
        <test-method signature="retrieveDataProvider(java.lang.String,java.lang.String)[pri:0, instance:TestNGTutorial.day3@2aceadd4]" started-at="2022-08-30T00:39:17 EDT" name="retrieveDataProvider" data-provider="practiceDataProvider" finished-at="2022-08-30T00:39:17 EDT" duration-ms="1" status="PASS">
          <params>
            <param index="0">
              <value>
                <![CDATA[third set user name]]>
              </value>
            </param>
            <param index="1">
              <value>
                <![CDATA[third password]]>
              </value>
            </param>
          </params>
          <reporter-output>
          </reporter-output>
        </test-method> <!-- retrieveDataProvider -->
      </class> <!-- TestNGTutorial.day3 -->
      <class name="TestNGTutorial.day1">
        <test-method is-config="true" signature="demo4()[pri:0, instance:TestNGTutorial.day1@292b08d6]" started-at="2022-08-30T00:39:16 EDT" name="demo4" finished-at="2022-08-30T00:39:16 EDT" duration-ms="24" status="PASS">
          <reporter-output>
          </reporter-output>
        </test-method> <!-- demo4 -->
        <test-method is-config="true" signature="demo6()[pri:0, instance:TestNGTutorial.day1@292b08d6]" started-at="2022-08-30T00:39:16 EDT" name="demo6" finished-at="2022-08-30T00:39:16 EDT" duration-ms="2" status="PASS">
          <reporter-output>
          </reporter-output>
        </test-method> <!-- demo6 -->
        <test-method is-config="true" signature="demo5()[pri:0, instance:TestNGTutorial.day1@292b08d6]" started-at="2022-08-30T00:39:17 EDT" name="demo5" finished-at="2022-08-30T00:39:17 EDT" duration-ms="3" status="PASS">
          <reporter-output>
          </reporter-output>
        </test-method> <!-- demo5 -->
      </class> <!-- TestNGTutorial.day1 -->
    </test> <!-- SecondTest -->
  </suite> <!-- All Test Suite -->
</testng-results>
